<?xml version="1.0" encoding="UTF-8"?>
<testsuite name="JUnit Platform Suite" tests="60" skipped="0" failures="0" errors="0" time="1.609" hostname="NRMLPT-33HJTL3" timestamp="2025-10-09T17:04:40">
<properties>
[...]
</properties>
<testcase name="testMode4Value_Invalid()" classname="service.track.MODE4AggregatorServiceTest" time="0.001">
<system-out><![CDATA[
unique-id: [engine:junit-platform-suite]/[suite:service.AggregatorServiceTestSuite]/[engine:junit-jupiter]/[class:service.track.MODE4AggregatorServiceTest]/[method:testMode4Value_Invalid()]
display-name: testMode4Value_Invalid()
]]></system-out>
</testcase>
<testcase name="testMode4Value_2()" classname="service.track.MODE4AggregatorServiceTest" time="0">
<system-out><![CDATA[
unique-id: [engine:junit-platform-suite]/[suite:service.AggregatorServiceTestSuite]/[engine:junit-jupiter]/[class:service.track.MODE4AggregatorServiceTest]/[method:testMode4Value_2()]
display-name: testMode4Value_2()
]]></system-out>
</testcase>
<testcase name="testAggregate_NoCpdlcData_ShouldWriteEmptyValues()" classname="service.cpdlc.UDLARCAggregatorServiceTest" time="0.003">
<system-out><![CDATA[
unique-id: [engine:junit-platform-suite]/[suite:service.AggregatorServiceTestSuite]/[engine:junit-jupiter]/[class:service.cpdlc.UDLARCAggregatorServiceTest]/[method:testAggregate_NoCpdlcData_ShouldWriteEmptyValues()]
display-name: testAggregate_NoCpdlcData_ShouldWriteEmptyValues()
]]></system-out>
</testcase>
<testcase name="testAggregateWithValidValues()" classname="service.flight.ARCAggregatorServiceTest" time="0.025">
<system-out><![CDATA[
unique-id: [engine:junit-platform-suite]/[suite:service.AggregatorServiceTestSuite]/[engine:junit-jupiter]/[class:service.flight.ARCAggregatorServiceTest]/[method:testAggregateWithValidValues()]
display-name: testAggregateWithValidValues()
]]></system-out>
</testcase>
<testcase name="testAggregate_withPositiveVX()" classname="service.track.VXAggregatorServiceTest" time="0.001">
<system-out><![CDATA[
unique-id: [engine:junit-platform-suite]/[suite:service.AggregatorServiceTestSuite]/[engine:junit-jupiter]/[class:service.track.VXAggregatorServiceTest]/[method:testAggregate_withPositiveVX()]
display-name: testAggregate_withPositiveVX()
]]></system-out>
</testcase>
<testcase name="testAggregateIsGroundTrue()" classname="service.flight.CLKAggregatorServiceTest" time="0">
<system-out><![CDATA[
unique-id: [engine:junit-platform-suite]/[suite:service.AggregatorServiceTestSuite]/[engine:junit-jupiter]/[class:service.flight.CLKAggregatorServiceTest]/[method:testAggregateIsGroundTrue()]
display-name: testAggregateIsGroundTrue()
]]></system-out>
</testcase>
<testcase name="testAggregate_WithFalseInput_SetsEmptyValue()" classname="service.fpm.CFLFLAGAggregatorServiceTest" time="0">
<system-out><![CDATA[
unique-id: [engine:junit-platform-suite]/[suite:service.AggregatorServiceTestSuite]/[engine:junit-jupiter]/[class:service.fpm.CFLFLAGAggregatorServiceTest]/[method:testAggregate_WithFalseInput_SetsEmptyValue()]
display-name: testAggregate_WithFalseInput_SetsEmptyValue()
]]></system-out>
</testcase>
<testcase name="testAggregate_ACASCondition1()" classname="service.track.TCASAggregatorServiceTest" time="0">
<system-out><![CDATA[
unique-id: [engine:junit-platform-suite]/[suite:service.AggregatorServiceTestSuite]/[engine:junit-jupiter]/[class:service.track.TCASAggregatorServiceTest]/[method:testAggregate_ACASCondition1()]
display-name: testAggregate_ACASCondition1()
]]></system-out>
</testcase>
<testcase name="testAggregate_withZeroVX()" classname="service.track.VXAggregatorServiceTest" time="0">
<system-out><![CDATA[
unique-id: [engine:junit-platform-suite]/[suite:service.AggregatorServiceTestSuite]/[engine:junit-jupiter]/[class:service.track.VXAggregatorServiceTest]/[method:testAggregate_withZeroVX()]
display-name: testAggregate_withZeroVX()
]]></system-out>
</testcase>
<testcase name="testAggregateIsGroundFalse()" classname="service.flight.CLKAggregatorServiceTest" time="0.001">
<system-out><![CDATA[
unique-id: [engine:junit-platform-suite]/[suite:service.AggregatorServiceTestSuite]/[engine:junit-jupiter]/[class:service.flight.CLKAggregatorServiceTest]/[method:testAggregateIsGroundFalse()]
display-name: testAggregateIsGroundFalse()
]]></system-out>
</testcase>
<testcase name="testGetServiceName_ReturnsExpectedValue()" classname="service.flight.EMGSLAggregatorServiceTest" time="0">
<system-out><![CDATA[
unique-id: [engine:junit-platform-suite]/[suite:service.AggregatorServiceTestSuite]/[engine:junit-jupiter]/[class:service.flight.EMGSLAggregatorServiceTest]/[method:testGetServiceName_ReturnsExpectedValue()]
display-name: testGetServiceName_ReturnsExpectedValue()
]]></system-out>
</testcase>
<testcase name="testAggregate_NoCpdlcData_ShouldReturnEmptyValues()" classname="service.cpdlc.UDLSQUAWKAggregatorServiceTest" time="0.004">
<system-out><![CDATA[
unique-id: [engine:junit-platform-suite]/[suite:service.AggregatorServiceTestSuite]/[engine:junit-jupiter]/[class:service.cpdlc.UDLSQUAWKAggregatorServiceTest]/[method:testAggregate_NoCpdlcData_ShouldReturnEmptyValues()]
display-name: testAggregate_NoCpdlcData_ShouldReturnEmptyValues()
]]></system-out>
</testcase>
<testcase name="testGetServiceName()" classname="service.track.EMGAggregatorServiceTest" time="0">
<system-out><![CDATA[
unique-id: [engine:junit-platform-suite]/[suite:service.AggregatorServiceTestSuite]/[engine:junit-jupiter]/[class:service.track.EMGAggregatorServiceTest]/[method:testGetServiceName()]
display-name: testGetServiceName()
]]></system-out>
</testcase>
<testcase name="testGetServiceName()" classname="service.track.VXAggregatorServiceTest" time="0">
<system-out><![CDATA[
unique-id: [engine:junit-platform-suite]/[suite:service.AggregatorServiceTestSuite]/[engine:junit-jupiter]/[class:service.track.VXAggregatorServiceTest]/[method:testGetServiceName()]
display-name: testGetServiceName()
]]></system-out>
</testcase>
<testcase name="testAggregate_LevelStatus1_ShouldWriteCorrectValues()" classname="service.cpdlc.DDLMSGAggregatorServiceTest" time="0.007">
<system-out><![CDATA[
unique-id: [engine:junit-platform-suite]/[suite:service.AggregatorServiceTestSuite]/[engine:junit-jupiter]/[class:service.cpdlc.DDLMSGAggregatorServiceTest]/[method:testAggregate_LevelStatus1_ShouldWriteCorrectValues()]
display-name: testAggregate_LevelStatus1_ShouldWriteCorrectValues()
]]></system-out>
</testcase>
<testcase name="testAggregate_NoCpdlcData_ShouldReturnEmptyValues()" classname="service.cpdlc.UDLSPEEDAggregatorServiceTest" time="0.003">
<system-out><![CDATA[
unique-id: [engine:junit-platform-suite]/[suite:service.AggregatorServiceTestSuite]/[engine:junit-jupiter]/[class:service.cpdlc.UDLSPEEDAggregatorServiceTest]/[method:testAggregate_NoCpdlcData_ShouldReturnEmptyValues()]
display-name: testAggregate_NoCpdlcData_ShouldReturnEmptyValues()
]]></system-out>
</testcase>
<testcase name="testAggregate_WithMissingInput_SetsEmptyValue()" classname="service.fpm.CFLFLAGAggregatorServiceTest" time="0">
<system-out><![CDATA[
unique-id: [engine:junit-platform-suite]/[suite:service.AggregatorServiceTestSuite]/[engine:junit-jupiter]/[class:service.fpm.CFLFLAGAggregatorServiceTest]/[method:testAggregate_WithMissingInput_SetsEmptyValue()]
display-name: testAggregate_WithMissingInput_SetsEmptyValue()
]]></system-out>
</testcase>
<testcase name="testAggregateWithEmptyArc()" classname="service.flight.ARCAggregatorServiceTest" time="0">
<system-out><![CDATA[
unique-id: [engine:junit-platform-suite]/[suite:service.AggregatorServiceTestSuite]/[engine:junit-jupiter]/[class:service.flight.ARCAggregatorServiceTest]/[method:testAggregateWithEmptyArc()]
display-name: testAggregateWithEmptyArc()
]]></system-out>
</testcase>
<testcase name="testAggregate_WithSingleDigitSpdMod()" classname="service.track.GNDAggregatorServiceTest" time="0">
<system-out><![CDATA[
unique-id: [engine:junit-platform-suite]/[suite:service.AggregatorServiceTestSuite]/[engine:junit-jupiter]/[class:service.track.GNDAggregatorServiceTest]/[method:testAggregate_WithSingleDigitSpdMod()]
display-name: testAggregate_WithSingleDigitSpdMod()
]]></system-out>
</testcase>
<testcase name="testMode4Value_0()" classname="service.track.MODE4AggregatorServiceTest" time="0">
<system-out><![CDATA[
unique-id: [engine:junit-platform-suite]/[suite:service.AggregatorServiceTestSuite]/[engine:junit-jupiter]/[class:service.track.MODE4AggregatorServiceTest]/[method:testMode4Value_0()]
display-name: testMode4Value_0()
]]></system-out>
</testcase>
<testcase name="testGetServiceName()" classname="service.track.GNDAggregatorServiceTest" time="0">
<system-out><![CDATA[
unique-id: [engine:junit-platform-suite]/[suite:service.AggregatorServiceTestSuite]/[engine:junit-jupiter]/[class:service.track.GNDAggregatorServiceTest]/[method:testGetServiceName()]
display-name: testGetServiceName()
]]></system-out>
</testcase>
<testcase name="testAggregate_WithThreeDigitSpdMod()" classname="service.track.GNDAggregatorServiceTest" time="0">
<system-out><![CDATA[
unique-id: [engine:junit-platform-suite]/[suite:service.AggregatorServiceTestSuite]/[engine:junit-jupiter]/[class:service.track.GNDAggregatorServiceTest]/[method:testAggregate_WithThreeDigitSpdMod()]
display-name: testAggregate_WithThreeDigitSpdMod()
]]></system-out>
</testcase>
<testcase name="testAggregate_WithEmptySpdMod()" classname="service.track.GNDAggregatorServiceTest" time="0">
<system-out><![CDATA[
unique-id: [engine:junit-platform-suite]/[suite:service.AggregatorServiceTestSuite]/[engine:junit-jupiter]/[class:service.track.GNDAggregatorServiceTest]/[method:testAggregate_WithEmptySpdMod()]
display-name: testAggregate_WithEmptySpdMod()
]]></system-out>
</testcase>
<testcase name="testAggregate_WithZeroMGN()" classname="service.track.MGNAggregatorServiceTest" time="0">
<system-out><![CDATA[
unique-id: [engine:junit-platform-suite]/[suite:service.AggregatorServiceTestSuite]/[engine:junit-jupiter]/[class:service.track.MGNAggregatorServiceTest]/[method:testAggregate_WithZeroMGN()]
display-name: testAggregate_WithZeroMGN()
]]></system-out>
</testcase>
<testcase name="testGetServiceName()" classname="service.track.MGNAggregatorServiceTest" time="0">
<system-out><![CDATA[
unique-id: [engine:junit-platform-suite]/[suite:service.AggregatorServiceTestSuite]/[engine:junit-jupiter]/[class:service.track.MGNAggregatorServiceTest]/[method:testGetServiceName()]
display-name: testGetServiceName()
]]></system-out>
</testcase>
<testcase name="testAggregate_NoCpdlcData_ShouldReturnEmptyValues()" classname="service.cpdlc.UDLHDGAggregatorServiceTest" time="0.003">
<system-out><![CDATA[
unique-id: [engine:junit-platform-suite]/[suite:service.AggregatorServiceTestSuite]/[engine:junit-jupiter]/[class:service.cpdlc.UDLHDGAggregatorServiceTest]/[method:testAggregate_NoCpdlcData_ShouldReturnEmptyValues()]
display-name: testAggregate_NoCpdlcData_ShouldReturnEmptyValues()
]]></system-out>
</testcase>
<testcase name="testAggregate_RCF()" classname="service.track.EMGAggregatorServiceTest" time="0">
<system-out><![CDATA[
unique-id: [engine:junit-platform-suite]/[suite:service.AggregatorServiceTestSuite]/[engine:junit-jupiter]/[class:service.track.EMGAggregatorServiceTest]/[method:testAggregate_RCF()]
display-name: testAggregate_RCF()
]]></system-out>
</testcase>
<testcase name="testAggregate_EMG_TakesPrecedence()" classname="service.track.EMGAggregatorServiceTest" time="0">
<system-out><![CDATA[
unique-id: [engine:junit-platform-suite]/[suite:service.AggregatorServiceTestSuite]/[engine:junit-jupiter]/[class:service.track.EMGAggregatorServiceTest]/[method:testAggregate_EMG_TakesPrecedence()]
display-name: testAggregate_EMG_TakesPrecedence()
]]></system-out>
</testcase>
<testcase name="testAggregate_withPositiveVY()" classname="service.track.VYAggregatorServiceTest" time="0">
<system-out><![CDATA[
unique-id: [engine:junit-platform-suite]/[suite:service.AggregatorServiceTestSuite]/[engine:junit-jupiter]/[class:service.track.VYAggregatorServiceTest]/[method:testAggregate_withPositiveVY()]
display-name: testAggregate_withPositiveVY()
]]></system-out>
</testcase>
<testcase name="testAggregate_ADSCTrue_FomLessThan7()" classname="service.track.ADSCAggregatorServiceTest" time="0.001">
<system-out><![CDATA[
unique-id: [engine:junit-platform-suite]/[suite:service.AggregatorServiceTestSuite]/[engine:junit-jupiter]/[class:service.track.ADSCAggregatorServiceTest]/[method:testAggregate_ADSCTrue_FomLessThan7()]
display-name: testAggregate_ADSCTrue_FomLessThan7()
]]></system-out>
</testcase>
<testcase name="testMode4Value_3()" classname="service.track.MODE4AggregatorServiceTest" time="0">
<system-out><![CDATA[
unique-id: [engine:junit-platform-suite]/[suite:service.AggregatorServiceTestSuite]/[engine:junit-jupiter]/[class:service.track.MODE4AggregatorServiceTest]/[method:testMode4Value_3()]
display-name: testMode4Value_3()
]]></system-out>
</testcase>
<testcase name="testAggregate_WithMinimalData_AddsEmptyLines()" classname="service.tct.EMG_TCTAggregatorServiceTest" time="0">
<system-out><![CDATA[
unique-id: [engine:junit-platform-suite]/[suite:service.AggregatorServiceTestSuite]/[engine:junit-jupiter]/[class:service.tct.EMG_TCTAggregatorServiceTest]/[method:testAggregate_WithMinimalData_AddsEmptyLines()]
display-name: testAggregate_WithMinimalData_AddsEmptyLines()
]]></system-out>
</testcase>
<testcase name="testGetServiceName()" classname="service.flight.ARCAggregatorServiceTest" time="0">
<system-out><![CDATA[
unique-id: [engine:junit-platform-suite]/[suite:service.AggregatorServiceTestSuite]/[engine:junit-jupiter]/[class:service.flight.ARCAggregatorServiceTest]/[method:testGetServiceName()]
display-name: testGetServiceName()
]]></system-out>
</testcase>
<testcase name="testAggregate_NoCpdlcData_ShouldWriteEmptyValues()" classname="service.cpdlc.UDLCFLAggregatorServiceTest" time="0.002">
<system-out><![CDATA[
unique-id: [engine:junit-platform-suite]/[suite:service.AggregatorServiceTestSuite]/[engine:junit-jupiter]/[class:service.cpdlc.UDLCFLAggregatorServiceTest]/[method:testAggregate_NoCpdlcData_ShouldWriteEmptyValues()]
display-name: testAggregate_NoCpdlcData_ShouldWriteEmptyValues()
]]></system-out>
</testcase>
<testcase name="testGetServiceName_ReturnsExpectedValue()" classname="service.tct.EMG_TCTAggregatorServiceTest" time="0">
<system-out><![CDATA[
unique-id: [engine:junit-platform-suite]/[suite:service.AggregatorServiceTestSuite]/[engine:junit-jupiter]/[class:service.tct.EMG_TCTAggregatorServiceTest]/[method:testGetServiceName_ReturnsExpectedValue()]
display-name: testGetServiceName_ReturnsExpectedValue()
]]></system-out>
</testcase>
<testcase name="testAggregate_PreservesNonSLEmergencyStatus()" classname="service.flight.EMGSLAggregatorServiceTest" time="0.001">
<system-out><![CDATA[
unique-id: [engine:junit-platform-suite]/[suite:service.AggregatorServiceTestSuite]/[engine:junit-jupiter]/[class:service.flight.EMGSLAggregatorServiceTest]/[method:testAggregate_PreservesNonSLEmergencyStatus()]
display-name: testAggregate_PreservesNonSLEmergencyStatus()
]]></system-out>
</testcase>
<testcase name="testAggregate_NoACAS()" classname="service.track.TCASAggregatorServiceTest" time="0">
<system-out><![CDATA[
unique-id: [engine:junit-platform-suite]/[suite:service.AggregatorServiceTestSuite]/[engine:junit-jupiter]/[class:service.track.TCASAggregatorServiceTest]/[method:testAggregate_NoACAS()]
display-name: testAggregate_NoACAS()
]]></system-out>
</testcase>
<testcase name="testGetServiceName()" classname="service.flight.CLKAggregatorServiceTest" time="0">
<system-out><![CDATA[
unique-id: [engine:junit-platform-suite]/[suite:service.AggregatorServiceTestSuite]/[engine:junit-jupiter]/[class:service.flight.CLKAggregatorServiceTest]/[method:testGetServiceName()]
display-name: testGetServiceName()
]]></system-out>
</testcase>
<testcase name="testGetServiceName()" classname="service.track.MODE4AggregatorServiceTest" time="0">
<system-out><![CDATA[
unique-id: [engine:junit-platform-suite]/[suite:service.AggregatorServiceTestSuite]/[engine:junit-jupiter]/[class:service.track.MODE4AggregatorServiceTest]/[method:testGetServiceName()]
display-name: testGetServiceName()
]]></system-out>
</testcase>
<testcase name="testAggregate_ACASCondition2()" classname="service.track.TCASAggregatorServiceTest" time="0">
<system-out><![CDATA[
unique-id: [engine:junit-platform-suite]/[suite:service.AggregatorServiceTestSuite]/[engine:junit-jupiter]/[class:service.track.TCASAggregatorServiceTest]/[method:testAggregate_ACASCondition2()]
display-name: testAggregate_ACASCondition2()
]]></system-out>
</testcase>
<testcase name="testAggregate_withZeroVY()" classname="service.track.VYAggregatorServiceTest" time="0">
<system-out><![CDATA[
unique-id: [engine:junit-platform-suite]/[suite:service.AggregatorServiceTestSuite]/[engine:junit-jupiter]/[class:service.track.VYAggregatorServiceTest]/[method:testAggregate_withZeroVY()]
display-name: testAggregate_withZeroVY()
]]></system-out>
</testcase>
<testcase name="testAggregateIsGroundMissing()" classname="service.flight.CLKAggregatorServiceTest" time="0">
<system-out><![CDATA[
unique-id: [engine:junit-platform-suite]/[suite:service.AggregatorServiceTestSuite]/[engine:junit-jupiter]/[class:service.flight.CLKAggregatorServiceTest]/[method:testAggregateIsGroundMissing()]
display-name: testAggregateIsGroundMissing()
]]></system-out>
</testcase>
<testcase name="testAggregate_VerifyRawDataCalledOnce()" classname="service.correlation.CORLMSTATAggregatorServiceTest" time="0.015">
<system-out><![CDATA[
unique-id: [engine:junit-platform-suite]/[suite:service.AggregatorServiceTestSuite]/[engine:junit-jupiter]/[class:service.correlation.CORLMSTATAggregatorServiceTest]/[method:testAggregate_VerifyRawDataCalledOnce()]
display-name: testAggregate_VerifyRawDataCalledOnce()
]]></system-out>
</testcase>
<testcase name="testMode4Value_1()" classname="service.track.MODE4AggregatorServiceTest" time="0">
<system-out><![CDATA[
unique-id: [engine:junit-platform-suite]/[suite:service.AggregatorServiceTestSuite]/[engine:junit-jupiter]/[class:service.track.MODE4AggregatorServiceTest]/[method:testMode4Value_1()]
display-name: testMode4Value_1()
]]></system-out>
</testcase>
<testcase name="testAggregate_WithValidStatus_AddsExpectedHeaderLine()" classname="service.correlation.CORLMSTATAggregatorServiceTest" time="1.279">
<system-out><![CDATA[
unique-id: [engine:junit-platform-suite]/[suite:service.AggregatorServiceTestSuite]/[engine:junit-jupiter]/[class:service.correlation.CORLMSTATAggregatorServiceTest]/[method:testAggregate_WithValidStatus_AddsExpectedHeaderLine()]
display-name: testAggregate_WithValidStatus_AddsExpectedHeaderLine()
]]></system-out>
</testcase>
<testcase name="testAggregate_WithMissingEmergencyLevel_AddsEmptyLine()" classname="service.flight.EMGSLAggregatorServiceTest" time="0">
<system-out><![CDATA[
unique-id: [engine:junit-platform-suite]/[suite:service.AggregatorServiceTestSuite]/[engine:junit-jupiter]/[class:service.flight.EMGSLAggregatorServiceTest]/[method:testAggregate_WithMissingEmergencyLevel_AddsEmptyLine()]
display-name: testAggregate_WithMissingEmergencyLevel_AddsEmptyLine()
]]></system-out>
</testcase>
<testcase name="testAggregate_ClearsEmergencySLWhenLevCopyLow()" classname="service.flight.EMGSLAggregatorServiceTest" time="0">
<system-out><![CDATA[
unique-id: [engine:junit-platform-suite]/[suite:service.AggregatorServiceTestSuite]/[engine:junit-jupiter]/[class:service.flight.EMGSLAggregatorServiceTest]/[method:testAggregate_ClearsEmergencySLWhenLevCopyLow()]
display-name: testAggregate_ClearsEmergencySLWhenLevCopyLow()
]]></system-out>
</testcase>
<testcase name="testAggregate_NoCpdlcData_ShouldWriteEmptyValues()" classname="service.cpdlc.UDLCONTACTAggregatorServiceTest" time="0.006">
<system-out><![CDATA[
unique-id: [engine:junit-platform-suite]/[suite:service.AggregatorServiceTestSuite]/[engine:junit-jupiter]/[class:service.cpdlc.UDLCONTACTAggregatorServiceTest]/[method:testAggregate_NoCpdlcData_ShouldWriteEmptyValues()]
display-name: testAggregate_NoCpdlcData_ShouldWriteEmptyValues()
]]></system-out>
</testcase>
<testcase name="testGetServiceName()" classname="service.track.ADSCAggregatorServiceTest" time="0">
<system-out><![CDATA[
unique-id: [engine:junit-platform-suite]/[suite:service.AggregatorServiceTestSuite]/[engine:junit-jupiter]/[class:service.track.ADSCAggregatorServiceTest]/[method:testGetServiceName()]
display-name: testGetServiceName()
]]></system-out>
</testcase>
<testcase name="testGetServiceName()" classname="service.track.VYAggregatorServiceTest" time="0">
<system-out><![CDATA[
unique-id: [engine:junit-platform-suite]/[suite:service.AggregatorServiceTestSuite]/[engine:junit-jupiter]/[class:service.track.VYAggregatorServiceTest]/[method:testGetServiceName()]
display-name: testGetServiceName()
]]></system-out>
</testcase>
<testcase name="testAggregate_WithDifferentStatus_AddsEmptyHeaderLine()" classname="service.correlation.CORLMSTATAggregatorServiceTest" time="0.002">
<system-out><![CDATA[
unique-id: [engine:junit-platform-suite]/[suite:service.AggregatorServiceTestSuite]/[engine:junit-jupiter]/[class:service.correlation.CORLMSTATAggregatorServiceTest]/[method:testAggregate_WithDifferentStatus_AddsEmptyHeaderLine()]
display-name: testAggregate_WithDifferentStatus_AddsEmptyHeaderLine()
]]></system-out>
</testcase>
<testcase name="testAggregate_WithBasicTrackData()" classname="service.track.MGNAggregatorServiceTest" time="0">
<system-out><![CDATA[
unique-id: [engine:junit-platform-suite]/[suite:service.AggregatorServiceTestSuite]/[engine:junit-jupiter]/[class:service.track.MGNAggregatorServiceTest]/[method:testAggregate_WithBasicTrackData()]
display-name: testAggregate_WithBasicTrackData()
]]></system-out>
</testcase>
<testcase name="testAggregate_WithTrueInput_SetsTrueValue()" classname="service.fpm.CFLFLAGAggregatorServiceTest" time="0">
<system-out><![CDATA[
unique-id: [engine:junit-platform-suite]/[suite:service.AggregatorServiceTestSuite]/[engine:junit-jupiter]/[class:service.fpm.CFLFLAGAggregatorServiceTest]/[method:testAggregate_WithTrueInput_SetsTrueValue()]
display-name: testAggregate_WithTrueInput_SetsTrueValue()
]]></system-out>
</testcase>
<testcase name="testAggregate_HIJ()" classname="service.track.EMGAggregatorServiceTest" time="0">
<system-out><![CDATA[
unique-id: [engine:junit-platform-suite]/[suite:service.AggregatorServiceTestSuite]/[engine:junit-jupiter]/[class:service.track.EMGAggregatorServiceTest]/[method:testAggregate_HIJ()]
display-name: testAggregate_HIJ()
]]></system-out>
</testcase>
<testcase name="testAggregate_WithMissingStatus_AddsEmptyHeaderLine()" classname="service.correlation.CORLMSTATAggregatorServiceTest" time="0.003">
<system-out><![CDATA[
unique-id: [engine:junit-platform-suite]/[suite:service.AggregatorServiceTestSuite]/[engine:junit-jupiter]/[class:service.correlation.CORLMSTATAggregatorServiceTest]/[method:testAggregate_WithMissingStatus_AddsEmptyHeaderLine()]
display-name: testAggregate_WithMissingStatus_AddsEmptyHeaderLine()
]]></system-out>
</testcase>
<testcase name="testAggregate_ADSCFalse()" classname="service.track.ADSCAggregatorServiceTest" time="0">
<system-out><![CDATA[
unique-id: [engine:junit-platform-suite]/[suite:service.AggregatorServiceTestSuite]/[engine:junit-jupiter]/[class:service.track.ADSCAggregatorServiceTest]/[method:testAggregate_ADSCFalse()]
display-name: testAggregate_ADSCFalse()
]]></system-out>
</testcase>
<testcase name="testAggregate_NoneSet()" classname="service.track.EMGAggregatorServiceTest" time="0">
<system-out><![CDATA[
unique-id: [engine:junit-platform-suite]/[suite:service.AggregatorServiceTestSuite]/[engine:junit-jupiter]/[class:service.track.EMGAggregatorServiceTest]/[method:testAggregate_NoneSet()]
display-name: testAggregate_NoneSet()
]]></system-out>
</testcase>
<testcase name="testGetServiceName_ReturnsExpectedValue()" classname="service.correlation.CORLMSTATAggregatorServiceTest" time="0.003">
<system-out><![CDATA[
unique-id: [engine:junit-platform-suite]/[suite:service.AggregatorServiceTestSuite]/[engine:junit-jupiter]/[class:service.correlation.CORLMSTATAggregatorServiceTest]/[method:testGetServiceName_ReturnsExpectedValue()]
display-name: testGetServiceName_ReturnsExpectedValue()
]]></system-out>
</testcase>
<testcase name="testAggregate_ADSCTrue_FomGreaterOrEqual7()" classname="service.track.ADSCAggregatorServiceTest" time="0">
<system-out><![CDATA[
unique-id: [engine:junit-platform-suite]/[suite:service.AggregatorServiceTestSuite]/[engine:junit-jupiter]/[class:service.track.ADSCAggregatorServiceTest]/[method:testAggregate_ADSCTrue_FomGreaterOrEqual7()]
display-name: testAggregate_ADSCTrue_FomGreaterOrEqual7()
]]></system-out>
</testcase>
<testcase name="testGetServiceName_ReturnsExpectedValue()" classname="service.fpm.CFLFLAGAggregatorServiceTest" time="0">
<system-out><![CDATA[
unique-id: [engine:junit-platform-suite]/[suite:service.AggregatorServiceTestSuite]/[engine:junit-jupiter]/[class:service.fpm.CFLFLAGAggregatorServiceTest]/[method:testGetServiceName_ReturnsExpectedValue()]
display-name: testGetServiceName_ReturnsExpectedValue()
]]></system-out>
</testcase>
<system-out><![CDATA[
unique-id: [engine:junit-platform-suite]
display-name: JUnit Platform Suite
]]></system-out>
</testsuite>
