# JRE version: OpenJDK Runtime Environment (Red_Hat-11.0.25.0.9-1) (11.0.25+9) (build 11.0.25+9-LTS)
# Java VM: OpenJDK 64-Bit Server VM (Red_Hat-11.0.25.0.9-1) (11.0.25+9-LTS, mixed mode, sharing, tiered, compressed oops, g1 gc, linux-amd64)
Heap:
 garbage-first heap   total 610304K, used 285296K [0x0000000614c00000, 0x0000000800000000)
  region size 2048K, 131 young (268288K), 13 survivors (26624K)
 Metaspace       used 49329K, capacity 52151K, committed 52272K, reserved 1093632K
  class space    used 6394K, capacity 7495K, committed 7552K, reserved 1048576K
GC Heap History (18 events):
Event: 0.286 GC heap before
{Heap before GC invocations=0 (full 0):
 garbage-first heap   total 507904K, used 29396K [0x0000000614c00000, 0x0000000800000000)
  region size 2048K, 12 young (24576K), 0 survivors (0K)
 Metaspace       used 4017K, capacity 5366K, committed 5504K, reserved 1056768K
  class space    used 387K, capacity 528K, committed 640K, reserved 1048576K
}
Event: 0.291 GC heap after
{Heap after GC invocations=1 (full 0):
 garbage-first heap   total 507904K, used 16978K [0x0000000614c00000, 0x0000000800000000)
  region size 2048K, 2 young (4096K), 2 survivors (4096K)
 Metaspace       used 4017K, capacity 5366K, committed 5504K, reserved 1056768K
  class space    used 387K, capacity 528K, committed 640K, reserved 1048576K
}
Event: 0.927 GC heap before
{Heap before GC invocations=1 (full 0):
 garbage-first heap   total 507904K, used 102994K [0x0000000614c00000, 0x0000000800000000)
  region size 2048K, 44 young (90112K), 2 survivors (4096K)
 Metaspace       used 15810K, capacity 16454K, committed 16640K, reserved 1064960K
  class space    used 1728K, capacity 1941K, committed 2048K, reserved 1048576K
}
Event: 0.932 GC heap after
{Heap after GC invocations=2 (full 0):
 garbage-first heap   total 507904K, used 21535K [0x0000000614c00000, 0x0000000800000000)
  region size 2048K, 5 young (10240K), 5 survivors (10240K)
 Metaspace       used 15810K, capacity 16454K, committed 16640K, reserved 1064960K
  class space    used 1728K, capacity 1941K, committed 2048K, reserved 1048576K
}
Event: 1.085 GC heap before
{Heap before GC invocations=2 (full 0):
 garbage-first heap   total 507904K, used 80927K [0x0000000614c00000, 0x0000000800000000)
  region size 2048K, 35 young (71680K), 5 survivors (10240K)
 Metaspace       used 20158K, capacity 21117K, committed 21296K, reserved 1069056K
  class space    used 2314K, capacity 2613K, committed 2688K, reserved 1048576K
}
Event: 1.091 GC heap after
{Heap after GC invocations=3 (full 0):
 garbage-first heap   total 507904K, used 21828K [0x0000000614c00000, 0x0000000800000000)
  region size 2048K, 3 young (6144K), 3 survivors (6144K)
 Metaspace       used 20158K, capacity 21117K, committed 21296K, reserved 1069056K
  class space    used 2314K, capacity 2613K, committed 2688K, reserved 1048576K
}
Event: 1.309 GC heap before
{Heap before GC invocations=4 (full 0):
 garbage-first heap   total 507904K, used 126276K [0x0000000614c00000, 0x0000000800000000)
  region size 2048K, 54 young (110592K), 3 survivors (6144K)
 Metaspace       used 26442K, capacity 27469K, committed 27696K, reserved 1073152K
  class space    used 3062K, capacity 3367K, committed 3456K, reserved 1048576K
}
Event: 1.313 GC heap after
{Heap after GC invocations=5 (full 0):
 garbage-first heap   total 507904K, used 22970K [0x0000000614c00000, 0x0000000800000000)
  region size 2048K, 3 young (6144K), 3 survivors (6144K)
 Metaspace       used 26442K, capacity 27469K, committed 27696K, reserved 1073152K
  class space    used 3062K, capacity 3367K, committed 3456K, reserved 1048576K
}
Event: 1.534 GC heap before
{Heap before GC invocations=5 (full 0):
 garbage-first heap   total 507904K, used 108986K [0x0000000614c00000, 0x0000000800000000)
  region size 2048K, 47 young (96256K), 3 survivors (6144K)
 Metaspace       used 34236K, capacity 35701K, committed 35888K, reserved 1081344K
  class space    used 4381K, capacity 4887K, committed 4992K, reserved 1048576K
}
Event: 1.539 GC heap after
{Heap after GC invocations=6 (full 0):
 garbage-first heap   total 610304K, used 24890K [0x0000000614c00000, 0x0000000800000000)
  region size 2048K, 4 young (8192K), 4 survivors (8192K)
 Metaspace       used 34236K, capacity 35701K, committed 35888K, reserved 1081344K
  class space    used 4381K, capacity 4887K, committed 4992K, reserved 1048576K
}
Event: 39.240 GC heap before
{Heap before GC invocations=7 (full 0):
 garbage-first heap   total 610304K, used 184634K [0x0000000614c00000, 0x0000000800000000)
  region size 2048K, 82 young (167936K), 4 survivors (8192K)
 Metaspace       used 44063K, capacity 46577K, committed 46896K, reserved 1089536K
  class space    used 5991K, capacity 6960K, committed 7040K, reserved 1048576K
}
Event: 39.255 GC heap after
{Heap after GC invocations=8 (full 0):
 garbage-first heap   total 610304K, used 34298K [0x0000000614c00000, 0x0000000800000000)
  region size 2048K, 8 young (16384K), 8 survivors (16384K)
 Metaspace       used 44063K, capacity 46577K, committed 46896K, reserved 1089536K
  class space    used 5991K, capacity 6960K, committed 7040K, reserved 1048576K
}
Event: 39.583 GC heap before
{Heap before GC invocations=8 (full 0):
 garbage-first heap   total 610304K, used 245242K [0x0000000614c00000, 0x0000000800000000)
  region size 2048K, 111 young (227328K), 8 survivors (16384K)
 Metaspace       used 44114K, capacity 46586K, committed 46896K, reserved 1089536K
  class space    used 5991K, capacity 6960K, committed 7040K, reserved 1048576K
}
Event: 39.599 GC heap after
{Heap after GC invocations=9 (full 0):
 garbage-first heap   total 610304K, used 37211K [0x0000000614c00000, 0x0000000800000000)
  region size 2048K, 9 young (18432K), 9 survivors (18432K)
 Metaspace       used 44114K, capacity 46586K, committed 46896K, reserved 1089536K
  class space    used 5991K, capacity 6960K, committed 7040K, reserved 1048576K
}
Event: 39.866 GC heap before
{Heap before GC invocations=9 (full 0):
 garbage-first heap   total 610304K, used 368987K [0x0000000614c00000, 0x0000000800000000)
  region size 2048K, 171 young (350208K), 9 survivors (18432K)
 Metaspace       used 44189K, capacity 46720K, committed 46896K, reserved 1089536K
  class space    used 5991K, capacity 6960K, committed 7040K, reserved 1048576K
}
Event: 39.879 GC heap after
{Heap after GC invocations=10 (full 0):
 garbage-first heap   total 610304K, used 42444K [0x0000000614c00000, 0x0000000800000000)
  region size 2048K, 12 young (24576K), 12 survivors (24576K)
 Metaspace       used 44189K, capacity 46720K, committed 46896K, reserved 1089536K
  class space    used 5991K, capacity 6960K, committed 7040K, reserved 1048576K
}
Event: 111.811 GC heap before
{Heap before GC invocations=10 (full 0):
 garbage-first heap   total 610304K, used 382412K [0x0000000614c00000, 0x0000000800000000)
  region size 2048K, 178 young (364544K), 12 survivors (24576K)
 Metaspace       used 49002K, capacity 51818K, committed 52016K, reserved 1093632K
  class space    used 6392K, capacity 7493K, committed 7552K, reserved 1048576K
}
Event: 111.822 GC heap after
{Heap after GC invocations=11 (full 0):
 garbage-first heap   total 610304K, used 45680K [0x0000000614c00000, 0x0000000800000000)
  region size 2048K, 13 young (26624K), 13 survivors (26624K)
 Metaspace       used 49002K, capacity 51818K, committed 52016K, reserved 1093632K
  class space    used 6392K, capacity 7493K, committed 7552K, reserved 1048576K
}

