# JRE version: OpenJDK Runtime Environment (Red_Hat-11.0.25.0.9-1) (11.0.25+9) (build 11.0.25+9-LTS)
# Java VM: OpenJDK 64-Bit Server VM (Red_Hat-11.0.25.0.9-1) (11.0.25+9-LTS, mixed mode, sharing, tiered, compressed oops, g1 gc, linux-amd64)
Heap:
 garbage-first heap   total 626688K, used 98259K [0x0000000614c00000, 0x0000000800000000)
  region size 2048K, 38 young (77824K), 10 survivors (20480K)
 Metaspace       used 44747K, capacity 47308K, committed 47408K, reserved 1089536K
  class space    used 6009K, capacity 7004K, committed 7040K, reserved 1048576K
GC Heap History (14 events):
Event: 0.194 GC heap before
{Heap before GC invocations=0 (full 0):
 garbage-first heap   total 507904K, used 29396K [0x0000000614c00000, 0x0000000800000000)
  region size 2048K, 12 young (24576K), 0 survivors (0K)
 Metaspace       used 4015K, capacity 5366K, committed 5504K, reserved 1056768K
  class space    used 387K, capacity 528K, committed 640K, reserved 1048576K
}
Event: 0.200 GC heap after
{Heap after GC invocations=1 (full 0):
 garbage-first heap   total 507904K, used 17344K [0x0000000614c00000, 0x0000000800000000)
  region size 2048K, 2 young (4096K), 2 survivors (4096K)
 Metaspace       used 4015K, capacity 5366K, committed 5504K, reserved 1056768K
  class space    used 387K, capacity 528K, committed 640K, reserved 1048576K
}
Event: 1.088 GC heap before
{Heap before GC invocations=1 (full 0):
 garbage-first heap   total 507904K, used 166848K [0x0000000614c00000, 0x0000000800000000)
  region size 2048K, 76 young (155648K), 2 survivors (4096K)
 Metaspace       used 20160K, capacity 21117K, committed 21296K, reserved 1069056K
  class space    used 2314K, capacity 2613K, committed 2688K, reserved 1048576K
}
Event: 1.097 GC heap after
{Heap after GC invocations=2 (full 0):
 garbage-first heap   total 507904K, used 21937K [0x0000000614c00000, 0x0000000800000000)
  region size 2048K, 5 young (10240K), 5 survivors (10240K)
 Metaspace       used 20160K, capacity 21117K, committed 21296K, reserved 1069056K
  class space    used 2314K, capacity 2613K, committed 2688K, reserved 1048576K
}
Event: 1.447 GC heap before
{Heap before GC invocations=3 (full 0):
 garbage-first heap   total 507904K, used 169393K [0x0000000614c00000, 0x0000000800000000)
  region size 2048K, 77 young (157696K), 5 survivors (10240K)
 Metaspace       used 30090K, capacity 31252K, committed 31536K, reserved 1077248K
  class space    used 3528K, capacity 3884K, committed 3968K, reserved 1048576K
}
Event: 1.454 GC heap after
{Heap after GC invocations=4 (full 0):
 garbage-first heap   total 507904K, used 24283K [0x0000000614c00000, 0x0000000800000000)
  region size 2048K, 6 young (12288K), 6 survivors (12288K)
 Metaspace       used 30090K, capacity 31252K, committed 31536K, reserved 1077248K
  class space    used 3528K, capacity 3884K, committed 3968K, reserved 1048576K
}
Event: 1.591 GC heap before
{Heap before GC invocations=4 (full 0):
 garbage-first heap   total 507904K, used 71387K [0x0000000614c00000, 0x0000000800000000)
  region size 2048K, 30 young (61440K), 6 survivors (12288K)
 Metaspace       used 34274K, capacity 35706K, committed 35888K, reserved 1081344K
  class space    used 4384K, capacity 4888K, committed 4992K, reserved 1048576K
}
Event: 1.596 GC heap after
{Heap after GC invocations=5 (full 0):
 garbage-first heap   total 507904K, used 25261K [0x0000000614c00000, 0x0000000800000000)
  region size 2048K, 6 young (12288K), 6 survivors (12288K)
 Metaspace       used 34274K, capacity 35706K, committed 35888K, reserved 1081344K
  class space    used 4384K, capacity 4888K, committed 4992K, reserved 1048576K
}
Event: 34.518 GC heap before
{Heap before GC invocations=6 (full 0):
 garbage-first heap   total 507904K, used 195245K [0x0000000614c00000, 0x0000000800000000)
  region size 2048K, 89 young (182272K), 6 survivors (12288K)
 Metaspace       used 44596K, capacity 47168K, committed 47408K, reserved 1089536K
  class space    used 6008K, capacity 7004K, committed 7040K, reserved 1048576K
}
Event: 34.537 GC heap after
{Heap after GC invocations=7 (full 0):
 garbage-first heap   total 626688K, used 34733K [0x0000000614c00000, 0x0000000800000000)
  region size 2048K, 10 young (20480K), 10 survivors (20480K)
 Metaspace       used 44596K, capacity 47168K, committed 47408K, reserved 1089536K
  class space    used 6008K, capacity 7004K, committed 7040K, reserved 1048576K
}
Event: 34.817 GC heap before
{Heap before GC invocations=7 (full 0):
 garbage-first heap   total 626688K, used 231341K [0x0000000614c00000, 0x0000000800000000)
  region size 2048K, 106 young (217088K), 10 survivors (20480K)
 Metaspace       used 44641K, capacity 47177K, committed 47408K, reserved 1089536K
  class space    used 6008K, capacity 7004K, committed 7040K, reserved 1048576K
}
Event: 34.846 GC heap after
{Heap after GC invocations=8 (full 0):
 garbage-first heap   total 626688K, used 38215K [0x0000000614c00000, 0x0000000800000000)
  region size 2048K, 8 young (16384K), 8 survivors (16384K)
 Metaspace       used 44641K, capacity 47177K, committed 47408K, reserved 1089536K
  class space    used 6008K, capacity 7004K, committed 7040K, reserved 1048576K
}
Event: 35.201 GC heap before
{Heap before GC invocations=8 (full 0):
 garbage-first heap   total 626688K, used 329031K [0x0000000614c00000, 0x0000000800000000)
  region size 2048K, 150 young (307200K), 8 survivors (16384K)
 Metaspace       used 44710K, capacity 47307K, committed 47408K, reserved 1089536K
  class space    used 6008K, capacity 7004K, committed 7040K, reserved 1048576K
}
Event: 35.210 GC heap after
{Heap after GC invocations=9 (full 0):
 garbage-first heap   total 626688K, used 42963K [0x0000000614c00000, 0x0000000800000000)
  region size 2048K, 10 young (20480K), 10 survivors (20480K)
 Metaspace       used 44710K, capacity 47307K, committed 47408K, reserved 1089536K
  class space    used 6008K, capacity 7004K, committed 7040K, reserved 1048576K
}

