# JRE version: OpenJDK Runtime Environment (Red_Hat-11.0.25.0.9-1) (11.0.25+9) (build 11.0.25+9-LTS)
# Java VM: OpenJDK 64-Bit Server VM (Red_Hat-11.0.25.0.9-1) (11.0.25+9-LTS, mixed mode, sharing, tiered, compressed oops, g1 gc, linux-amd64)
Heap:
 garbage-first heap   total 610304K, used 382502K [0x0000000614c00000, 0x0000000800000000)
  region size 2048K, 177 young (362496K), 7 survivors (14336K)
 Metaspace       used 44187K, capacity 46678K, committed 46896K, reserved 1089536K
  class space    used 5960K, capacity 6923K, committed 7040K, reserved 1048576K
GC Heap History (12 events):
Event: 0.290 GC heap before
{Heap before GC invocations=0 (full 0):
 garbage-first heap   total 507904K, used 29396K [0x0000000614c00000, 0x0000000800000000)
  region size 2048K, 12 young (24576K), 0 survivors (0K)
 Metaspace       used 4015K, capacity 5366K, committed 5504K, reserved 1056768K
  class space    used 387K, capacity 528K, committed 640K, reserved 1048576K
}
Event: 0.296 GC heap after
{Heap after GC invocations=1 (full 0):
 garbage-first heap   total 507904K, used 16496K [0x0000000614c00000, 0x0000000800000000)
  region size 2048K, 2 young (4096K), 2 survivors (4096K)
 Metaspace       used 4015K, capacity 5366K, committed 5504K, reserved 1056768K
  class space    used 387K, capacity 528K, committed 640K, reserved 1048576K
}
Event: 1.141 GC heap before
{Heap before GC invocations=1 (full 0):
 garbage-first heap   total 507904K, used 166000K [0x0000000614c00000, 0x0000000800000000)
  region size 2048K, 76 young (155648K), 2 survivors (4096K)
 Metaspace       used 20235K, capacity 21117K, committed 21296K, reserved 1069056K
  class space    used 2324K, capacity 2613K, committed 2688K, reserved 1048576K
}
Event: 1.149 GC heap after
{Heap after GC invocations=2 (full 0):
 garbage-first heap   total 507904K, used 21195K [0x0000000614c00000, 0x0000000800000000)
  region size 2048K, 5 young (10240K), 5 survivors (10240K)
 Metaspace       used 20235K, capacity 21117K, committed 21296K, reserved 1069056K
  class space    used 2324K, capacity 2613K, committed 2688K, reserved 1048576K
}
Event: 1.435 GC heap before
{Heap before GC invocations=3 (full 0):
 garbage-first heap   total 507904K, used 162507K [0x0000000614c00000, 0x0000000800000000)
  region size 2048K, 74 young (151552K), 5 survivors (10240K)
 Metaspace       used 29614K, capacity 30721K, committed 30896K, reserved 1077248K
  class space    used 3453K, capacity 3814K, committed 3840K, reserved 1048576K
}
Event: 1.440 GC heap after
{Heap after GC invocations=4 (full 0):
 garbage-first heap   total 507904K, used 23447K [0x0000000614c00000, 0x0000000800000000)
  region size 2048K, 6 young (12288K), 6 survivors (12288K)
 Metaspace       used 29614K, capacity 30721K, committed 30896K, reserved 1077248K
  class space    used 3453K, capacity 3814K, committed 3840K, reserved 1048576K
}
Event: 1.590 GC heap before
{Heap before GC invocations=4 (full 0):
 garbage-first heap   total 507904K, used 74647K [0x0000000614c00000, 0x0000000800000000)
  region size 2048K, 32 young (65536K), 6 survivors (12288K)
 Metaspace       used 34259K, capacity 35705K, committed 35888K, reserved 1081344K
  class space    used 4383K, capacity 4888K, committed 4992K, reserved 1048576K
}
Event: 1.596 GC heap after
{Heap after GC invocations=5 (full 0):
 garbage-first heap   total 507904K, used 24587K [0x0000000614c00000, 0x0000000800000000)
  region size 2048K, 6 young (12288K), 6 survivors (12288K)
 Metaspace       used 34259K, capacity 35705K, committed 35888K, reserved 1081344K
  class space    used 4383K, capacity 4888K, committed 4992K, reserved 1048576K
}
Event: 282.661 GC heap before
{Heap before GC invocations=6 (full 0):
 garbage-first heap   total 507904K, used 190475K [0x0000000614c00000, 0x0000000800000000)
  region size 2048K, 87 young (178176K), 6 survivors (12288K)
 Metaspace       used 44030K, capacity 46510K, committed 46896K, reserved 1089536K
  class space    used 5953K, capacity 6914K, committed 7040K, reserved 1048576K
}
Event: 282.682 GC heap after
{Heap after GC invocations=7 (full 0):
 garbage-first heap   total 610304K, used 33021K [0x0000000614c00000, 0x0000000800000000)
  region size 2048K, 8 young (16384K), 8 survivors (16384K)
 Metaspace       used 44030K, capacity 46510K, committed 46896K, reserved 1089536K
  class space    used 5953K, capacity 6914K, committed 7040K, reserved 1048576K
}
Event: 283.026 GC heap before
{Heap before GC invocations=7 (full 0):
 garbage-first heap   total 610304K, used 229629K [0x0000000614c00000, 0x0000000800000000)
  region size 2048K, 104 young (212992K), 8 survivors (16384K)
 Metaspace       used 44069K, capacity 46583K, committed 46896K, reserved 1089536K
  class space    used 5953K, capacity 6914K, committed 7040K, reserved 1048576K
}
Event: 283.036 GC heap after
{Heap after GC invocations=8 (full 0):
 garbage-first heap   total 610304K, used 36390K [0x0000000614c00000, 0x0000000800000000)
  region size 2048K, 7 young (14336K), 7 survivors (14336K)
 Metaspace       used 44069K, capacity 46583K, committed 46896K, reserved 1089536K
  class space    used 5953K, capacity 6914K, committed 7040K, reserved 1048576K
}

