# JRE version: OpenJDK Runtime Environment (Red_Hat-11.0.25.0.9-1) (11.0.25+9) (build 11.0.25+9-LTS)
# Java VM: OpenJDK 64-Bit Server VM (Red_Hat-11.0.25.0.9-1) (11.0.25+9-LTS, mixed mode, sharing, tiered, compressed oops, g1 gc, linux-amd64)
Heap:
 garbage-first heap   total 632832K, used 336530K [0x0000000614c00000, 0x0000000800000000)
  region size 2048K, 157 young (321536K), 10 survivors (20480K)
 Metaspace       used 44442K, capacity 46915K, committed 47152K, reserved 1089536K
  class space    used 5991K, capacity 6960K, committed 7040K, reserved 1048576K
GC Heap History (16 events):
Event: 0.178 GC heap before
{Heap before GC invocations=0 (full 0):
 garbage-first heap   total 507904K, used 29396K [0x0000000614c00000, 0x0000000800000000)
  region size 2048K, 12 young (24576K), 0 survivors (0K)
 Metaspace       used 4162K, capacity 5497K, committed 5760K, reserved 1056768K
  class space    used 393K, capacity 529K, committed 640K, reserved 1048576K
}
Event: 0.183 GC heap after
{Heap after GC invocations=1 (full 0):
 garbage-first heap   total 507904K, used 16738K [0x0000000614c00000, 0x0000000800000000)
  region size 2048K, 2 young (4096K), 2 survivors (4096K)
 Metaspace       used 4162K, capacity 5497K, committed 5760K, reserved 1056768K
  class space    used 393K, capacity 529K, committed 640K, reserved 1048576K
}
Event: 0.501 GC heap before
{Heap before GC invocations=1 (full 0):
 garbage-first heap   total 507904K, used 63842K [0x0000000614c00000, 0x0000000800000000)
  region size 2048K, 25 young (51200K), 2 survivors (4096K)
 Metaspace       used 9473K, capacity 9913K, committed 10240K, reserved 1058816K
  class space    used 1037K, capacity 1204K, committed 1280K, reserved 1048576K
}
Event: 0.506 GC heap after
{Heap after GC invocations=2 (full 0):
 garbage-first heap   total 507904K, used 18181K [0x0000000614c00000, 0x0000000800000000)
  region size 2048K, 3 young (6144K), 3 survivors (6144K)
 Metaspace       used 9473K, capacity 9913K, committed 10240K, reserved 1058816K
  class space    used 1037K, capacity 1204K, committed 1280K, reserved 1048576K
}
Event: 0.934 GC heap before
{Heap before GC invocations=2 (full 0):
 garbage-first heap   total 507904K, used 75525K [0x0000000614c00000, 0x0000000800000000)
  region size 2048K, 31 young (63488K), 3 survivors (6144K)
 Metaspace       used 17965K, capacity 18908K, committed 19072K, reserved 1067008K
  class space    used 2018K, capacity 2325K, committed 2432K, reserved 1048576K
}
Event: 0.939 GC heap after
{Heap after GC invocations=3 (full 0):
 garbage-first heap   total 507904K, used 21229K [0x0000000614c00000, 0x0000000800000000)
  region size 2048K, 3 young (6144K), 3 survivors (6144K)
 Metaspace       used 17965K, capacity 18908K, committed 19072K, reserved 1067008K
  class space    used 2018K, capacity 2325K, committed 2432K, reserved 1048576K
}
Event: 1.008 GC heap before
{Heap before GC invocations=3 (full 0):
 garbage-first heap   total 507904K, used 60141K [0x0000000614c00000, 0x0000000800000000)
  region size 2048K, 23 young (47104K), 3 survivors (6144K)
 Metaspace       used 20166K, capacity 21117K, committed 21296K, reserved 1069056K
  class space    used 2314K, capacity 2613K, committed 2688K, reserved 1048576K
}
Event: 1.011 GC heap after
{Heap after GC invocations=4 (full 0):
 garbage-first heap   total 507904K, used 21292K [0x0000000614c00000, 0x0000000800000000)
  region size 2048K, 3 young (6144K), 3 survivors (6144K)
 Metaspace       used 20166K, capacity 21117K, committed 21296K, reserved 1069056K
  class space    used 2314K, capacity 2613K, committed 2688K, reserved 1048576K
}
Event: 1.185 GC heap before
{Heap before GC invocations=5 (full 0):
 garbage-first heap   total 507904K, used 109356K [0x0000000614c00000, 0x0000000800000000)
  region size 2048K, 46 young (94208K), 3 survivors (6144K)
 Metaspace       used 25791K, capacity 26791K, committed 27056K, reserved 1073152K
  class space    used 2993K, capacity 3287K, committed 3328K, reserved 1048576K
}
Event: 1.190 GC heap after
{Heap after GC invocations=6 (full 0):
 garbage-first heap   total 632832K, used 21922K [0x0000000614c00000, 0x0000000800000000)
  region size 2048K, 3 young (6144K), 3 survivors (6144K)
 Metaspace       used 25791K, capacity 26791K, committed 27056K, reserved 1073152K
  class space    used 2993K, capacity 3287K, committed 3328K, reserved 1048576K
}
Event: 1.466 GC heap before
{Heap before GC invocations=6 (full 0):
 garbage-first heap   total 632832K, used 126370K [0x0000000614c00000, 0x0000000800000000)
  region size 2048K, 56 young (114688K), 3 survivors (6144K)
 Metaspace       used 34271K, capacity 35706K, committed 35888K, reserved 1081344K
  class space    used 4383K, capacity 4888K, committed 4992K, reserved 1048576K
}
Event: 1.475 GC heap after
{Heap after GC invocations=7 (full 0):
 garbage-first heap   total 632832K, used 24290K [0x0000000614c00000, 0x0000000800000000)
  region size 2048K, 4 young (8192K), 4 survivors (8192K)
 Metaspace       used 34271K, capacity 35706K, committed 35888K, reserved 1081344K
  class space    used 4383K, capacity 4888K, committed 4992K, reserved 1048576K
}
Event: 21.522 GC heap before
{Heap before GC invocations=8 (full 0):
 garbage-first heap   total 632832K, used 196322K [0x0000000614c00000, 0x0000000800000000)
  region size 2048K, 87 young (178176K), 4 survivors (8192K)
 Metaspace       used 44276K, capacity 46750K, committed 46896K, reserved 1089536K
  class space    used 5984K, capacity 6951K, committed 7040K, reserved 1048576K
}
Event: 21.528 GC heap after
{Heap after GC invocations=9 (full 0):
 garbage-first heap   total 632832K, used 33111K [0x0000000614c00000, 0x0000000800000000)
  region size 2048K, 8 young (16384K), 8 survivors (16384K)
 Metaspace       used 44276K, capacity 46750K, committed 46896K, reserved 1089536K
  class space    used 5984K, capacity 6951K, committed 7040K, reserved 1048576K
}
Event: 21.940 GC heap before
{Heap before GC invocations=9 (full 0):
 garbage-first heap   total 632832K, used 274775K [0x0000000614c00000, 0x0000000800000000)
  region size 2048K, 126 young (258048K), 8 survivors (16384K)
 Metaspace       used 44377K, capacity 46888K, committed 47152K, reserved 1089536K
  class space    used 5984K, capacity 6951K, committed 7040K, reserved 1048576K
}
Event: 21.964 GC heap after
{Heap after GC invocations=10 (full 0):
 garbage-first heap   total 632832K, used 37522K [0x0000000614c00000, 0x0000000800000000)
  region size 2048K, 10 young (20480K), 10 survivors (20480K)
 Metaspace       used 44377K, capacity 46888K, committed 47152K, reserved 1089536K
  class space    used 5984K, capacity 6951K, committed 7040K, reserved 1048576K
}

