# JRE version: OpenJDK Runtime Environment (Red_Hat-11.0.25.0.9-1) (11.0.25+9) (build 11.0.25+9-LTS)
# Java VM: OpenJDK 64-Bit Server VM (Red_Hat-11.0.25.0.9-1) (11.0.25+9-LTS, mixed mode, sharing, tiered, compressed oops, g1 gc, linux-amd64)
Heap:
 garbage-first heap   total 628736K, used 60316K [0x0000000614c00000, 0x0000000800000000)
  region size 2048K, 22 young (45056K), 13 survivors (26624K)
 Metaspace       used 44835K, capacity 47350K, committed 47664K, reserved 1089536K
  class space    used 6003K, capacity 6996K, committed 7040K, reserved 1048576K
GC Heap History (18 events):
Event: 0.189 GC heap before
{Heap before GC invocations=0 (full 0):
 garbage-first heap   total 507904K, used 29396K [0x0000000614c00000, 0x0000000800000000)
  region size 2048K, 12 young (24576K), 0 survivors (0K)
 Metaspace       used 4010K, capacity 5366K, committed 5504K, reserved 1056768K
  class space    used 387K, capacity 528K, committed 640K, reserved 1048576K
}
Event: 0.194 GC heap after
{Heap after GC invocations=1 (full 0):
 garbage-first heap   total 507904K, used 16726K [0x0000000614c00000, 0x0000000800000000)
  region size 2048K, 2 young (4096K), 2 survivors (4096K)
 Metaspace       used 4010K, capacity 5366K, committed 5504K, reserved 1056768K
  class space    used 387K, capacity 528K, committed 640K, reserved 1048576K
}
Event: 0.504 GC heap before
{Heap before GC invocations=1 (full 0):
 garbage-first heap   total 507904K, used 57686K [0x0000000614c00000, 0x0000000800000000)
  region size 2048K, 22 young (45056K), 2 survivors (4096K)
 Metaspace       used 8972K, capacity 9465K, committed 9600K, reserved 1058816K
  class space    used 966K, capacity 1140K, committed 1152K, reserved 1048576K
}
Event: 0.508 GC heap after
{Heap after GC invocations=2 (full 0):
 garbage-first heap   total 507904K, used 18275K [0x0000000614c00000, 0x0000000800000000)
  region size 2048K, 1 young (2048K), 1 survivors (2048K)
 Metaspace       used 8972K, capacity 9465K, committed 9600K, reserved 1058816K
  class space    used 966K, capacity 1140K, committed 1152K, reserved 1048576K
}
Event: 0.910 GC heap before
{Heap before GC invocations=2 (full 0):
 garbage-first heap   total 507904K, used 71523K [0x0000000614c00000, 0x0000000800000000)
  region size 2048K, 27 young (55296K), 1 survivors (2048K)
 Metaspace       used 16626K, capacity 17263K, committed 17536K, reserved 1064960K
  class space    used 1883K, capacity 2102K, committed 2176K, reserved 1048576K
}
Event: 0.913 GC heap after
{Heap after GC invocations=3 (full 0):
 garbage-first heap   total 507904K, used 20405K [0x0000000614c00000, 0x0000000800000000)
  region size 2048K, 2 young (4096K), 2 survivors (4096K)
 Metaspace       used 16626K, capacity 17263K, committed 17536K, reserved 1064960K
  class space    used 1883K, capacity 2102K, committed 2176K, reserved 1048576K
}
Event: 1.046 GC heap before
{Heap before GC invocations=3 (full 0):
 garbage-first heap   total 507904K, used 71605K [0x0000000614c00000, 0x0000000800000000)
  region size 2048K, 28 young (57344K), 2 survivors (4096K)
 Metaspace       used 20163K, capacity 21117K, committed 21296K, reserved 1069056K
  class space    used 2314K, capacity 2613K, committed 2688K, reserved 1048576K
}
Event: 1.051 GC heap after
{Heap after GC invocations=4 (full 0):
 garbage-first heap   total 507904K, used 21712K [0x0000000614c00000, 0x0000000800000000)
  region size 2048K, 3 young (6144K), 3 survivors (6144K)
 Metaspace       used 20163K, capacity 21117K, committed 21296K, reserved 1069056K
  class space    used 2314K, capacity 2613K, committed 2688K, reserved 1048576K
}
Event: 1.224 GC heap before
{Heap before GC invocations=5 (full 0):
 garbage-first heap   total 507904K, used 111824K [0x0000000614c00000, 0x0000000800000000)
  region size 2048K, 47 young (96256K), 3 survivors (6144K)
 Metaspace       used 25892K, capacity 26887K, committed 27312K, reserved 1073152K
  class space    used 3005K, capacity 3319K, committed 3328K, reserved 1048576K
}
Event: 1.228 GC heap after
{Heap after GC invocations=6 (full 0):
 garbage-first heap   total 628736K, used 22419K [0x0000000614c00000, 0x0000000800000000)
  region size 2048K, 3 young (6144K), 3 survivors (6144K)
 Metaspace       used 25892K, capacity 26887K, committed 27312K, reserved 1073152K
  class space    used 3005K, capacity 3319K, committed 3328K, reserved 1048576K
}
Event: 1.517 GC heap before
{Heap before GC invocations=6 (full 0):
 garbage-first heap   total 628736K, used 124819K [0x0000000614c00000, 0x0000000800000000)
  region size 2048K, 54 young (110592K), 3 survivors (6144K)
 Metaspace       used 34265K, capacity 35703K, committed 35888K, reserved 1081344K
  class space    used 4382K, capacity 4887K, committed 4992K, reserved 1048576K
}
Event: 1.527 GC heap after
{Heap after GC invocations=7 (full 0):
 garbage-first heap   total 628736K, used 24703K [0x0000000614c00000, 0x0000000800000000)
  region size 2048K, 4 young (8192K), 4 survivors (8192K)
 Metaspace       used 34265K, capacity 35703K, committed 35888K, reserved 1081344K
  class space    used 4382K, capacity 4887K, committed 4992K, reserved 1048576K
}
Event: 172.428 GC heap before
{Heap before GC invocations=8 (full 0):
 garbage-first heap   total 628736K, used 190591K [0x0000000614c00000, 0x0000000800000000)
  region size 2048K, 85 young (174080K), 4 survivors (8192K)
 Metaspace       used 44642K, capacity 47142K, committed 47408K, reserved 1089536K
  class space    used 6003K, capacity 6996K, committed 7040K, reserved 1048576K
}
Event: 172.437 GC heap after
{Heap after GC invocations=9 (full 0):
 garbage-first heap   total 628736K, used 34665K [0x0000000614c00000, 0x0000000800000000)
  region size 2048K, 8 young (16384K), 8 survivors (16384K)
 Metaspace       used 44642K, capacity 47142K, committed 47408K, reserved 1089536K
  class space    used 6003K, capacity 6996K, committed 7040K, reserved 1048576K
}
Event: 172.723 GC heap before
{Heap before GC invocations=9 (full 0):
 garbage-first heap   total 628736K, used 270185K [0x0000000614c00000, 0x0000000800000000)
  region size 2048K, 123 young (251904K), 8 survivors (16384K)
 Metaspace       used 44707K, capacity 47281K, committed 47408K, reserved 1089536K
  class space    used 6003K, capacity 6996K, committed 7040K, reserved 1048576K
}
Event: 172.748 GC heap after
{Heap after GC invocations=10 (full 0):
 garbage-first heap   total 628736K, used 39116K [0x0000000614c00000, 0x0000000800000000)
  region size 2048K, 10 young (20480K), 10 survivors (20480K)
 Metaspace       used 44707K, capacity 47281K, committed 47408K, reserved 1089536K
  class space    used 6003K, capacity 6996K, committed 7040K, reserved 1048576K
}
Event: 173.013 GC heap before
{Heap before GC invocations=10 (full 0):
 garbage-first heap   total 628736K, used 350412K [0x0000000614c00000, 0x0000000800000000)
  region size 2048K, 162 young (331776K), 10 survivors (20480K)
 Metaspace       used 44788K, capacity 47286K, committed 47408K, reserved 1089536K
  class space    used 6003K, capacity 6996K, committed 7040K, reserved 1048576K
}
Event: 173.028 GC heap after
{Heap after GC invocations=11 (full 0):
 garbage-first heap   total 628736K, used 43932K [0x0000000614c00000, 0x0000000800000000)
  region size 2048K, 13 young (26624K), 13 survivors (26624K)
 Metaspace       used 44788K, capacity 47286K, committed 47408K, reserved 1089536K
  class space    used 6003K, capacity 6996K, committed 7040K, reserved 1048576K
}

